TN:
SF:src/BubbleSort/BubbleSort.ts
FN:11,(anonymous_0)
FNF:1
FNH:1
FNDA:2,(anonymous_0)
DA:6,1
DA:12,2
DA:14,2
DA:15,6
DA:16,12
DA:17,0
DA:18,0
DA:19,0
DA:23,2
DA:24,2
LF:10
LH:7
BRDA:16,0,0,0
BRDA:16,0,1,12
BRF:2
BRH:1
end_of_record
TN:
SF:src/MergeSort/MergeSort.ts
FN:10,(anonymous_0)
FNF:1
FNH:1
FNDA:2,(anonymous_0)
DA:5,1
DA:16,2
LF:2
LH:2
BRF:0
BRH:0
end_of_record
TN:
SF:src/Solver/Solver.ts
FN:7,(anonymous_0)
FN:13,(anonymous_1)
FN:21,(anonymous_2)
FN:28,(anonymous_3)
FN:35,(anonymous_4)
FNF:5
FNH:4
FNDA:2,(anonymous_0)
FNDA:1,(anonymous_1)
FNDA:2,(anonymous_2)
FNDA:3,(anonymous_3)
FNDA:0,(anonymous_4)
DA:6,1
DA:7,2
DA:14,1
DA:22,2
DA:29,3
DA:36,0
LF:6
LH:5
BRF:0
BRH:0
end_of_record
