TN:
SF:src/modificacion0404.ts
FN:1,add
FNF:1
FNH:1
FNDA:3,add
DA:1,1
DA:2,3
LF:2
LH:2
BRF:0
BRH:0
end_of_record
TN:
SF:src/modificacion2803.ts
FN:20,(anonymous_0)
FN:24,(anonymous_1)
FN:31,(anonymous_2)
FN:39,(anonymous_3)
FN:43,(anonymous_4)
FN:51,(anonymous_5)
FN:59,(anonymous_6)
FN:68,(anonymous_7)
FN:80,(anonymous_8)
FN:103,(anonymous_9)
FN:124,(anonymous_10)
FN:147,(anonymous_11)
FNF:12
FNH:4
FNDA:1,(anonymous_0)
FNDA:5,(anonymous_1)
FNDA:0,(anonymous_2)
FNDA:0,(anonymous_3)
FNDA:0,(anonymous_4)
FNDA:0,(anonymous_5)
FNDA:2,(anonymous_6)
FNDA:0,(anonymous_7)
FNDA:0,(anonymous_8)
FNDA:0,(anonymous_9)
FNDA:3,(anonymous_10)
FNDA:0,(anonymous_11)
DA:15,1
DA:21,1
DA:25,5
DA:26,1
DA:28,5
DA:32,0
DA:40,0
DA:44,0
DA:52,0
DA:60,2
DA:69,0
DA:70,0
DA:72,0
DA:81,0
DA:82,0
DA:83,0
DA:85,0
DA:86,0
DA:87,0
DA:88,0
DA:89,0
DA:91,0
DA:94,0
DA:104,0
DA:105,0
DA:106,0
DA:107,0
DA:108,0
DA:110,0
DA:113,0
DA:116,0
DA:125,3
DA:126,3
DA:127,4
DA:128,0
DA:130,4
DA:134,3
DA:135,2
DA:137,1
DA:148,0
DA:149,0
DA:150,0
DA:152,0
DA:153,0
DA:154,0
DA:155,0
DA:156,0
DA:158,0
DA:161,0
LF:49
LH:13
BRDA:25,0,0,1
BRDA:25,0,1,4
BRDA:69,1,0,0
BRDA:69,1,1,0
BRDA:86,2,0,0
BRDA:86,2,1,0
BRDA:107,3,0,0
BRDA:107,3,1,0
BRDA:127,4,0,0
BRDA:127,4,1,4
BRDA:134,5,0,2
BRDA:134,5,1,1
BRDA:153,6,0,0
BRDA:153,6,1,0
BRF:14
BRH:5
end_of_record
